[0.465s] DEBUG:colcon:Command line arguments: ['/usr/bin/colcon', 'build']
[0.465s] DEBUG:colcon:Parsed command line arguments: Namespace(log_base=None, log_level=None, verb_name='build', build_base='build', install_base='install', merge_install=False, symlink_install=False, test_result_base=None, continue_on_error=False, executor='parallel', parallel_workers=4, event_handlers=None, ignore_user_meta=False, metas=['./colcon.meta'], base_paths=['.'], packages_ignore=None, packages_ignore_regex=None, paths=None, packages_up_to=None, packages_up_to_regex=None, packages_above=None, packages_above_and_dependencies=None, packages_above_depth=None, packages_select_by_dep=None, packages_skip_by_dep=None, packages_skip_up_to=None, packages_select_build_failed=False, packages_skip_build_finished=False, packages_select_test_failures=False, packages_skip_test_passed=False, packages_select=None, packages_skip=None, packages_select_regex=None, packages_skip_regex=None, packages_start=None, packages_end=None, allow_overriding=[], cmake_args=None, cmake_target=None, cmake_target_skip_unavailable=False, cmake_clean_cache=False, cmake_clean_first=False, cmake_force_configure=False, ament_cmake_args=None, catkin_cmake_args=None, catkin_skip_building_tests=False, verb_parser=<colcon_defaults.argument_parser.defaults.DefaultArgumentsDecorator object at 0x7f8fe55856f0>, verb_extension=<colcon_core.verb.build.BuildVerb object at 0x7f8fe5d854b0>, main=<bound method BuildVerb.main of <colcon_core.verb.build.BuildVerb object at 0x7f8fe5d854b0>>)
[0.512s] Level 1:colcon.colcon_core.package_discovery:discover_packages(colcon_meta) check parameters
[0.512s] Level 1:colcon.colcon_core.package_discovery:discover_packages(recursive) check parameters
[0.512s] Level 1:colcon.colcon_core.package_discovery:discover_packages(ignore) check parameters
[0.512s] Level 1:colcon.colcon_core.package_discovery:discover_packages(path) check parameters
[0.512s] Level 1:colcon.colcon_core.package_discovery:discover_packages(colcon_meta) discover
[0.513s] Level 1:colcon.colcon_core.package_discovery:discover_packages(recursive) discover
[0.513s] INFO:colcon.colcon_core.package_discovery:Crawling recursively for packages in '/home/ale/Documents/Vanttec/usv/src/vanttec_usv'
[0.513s] Level 1:colcon.colcon_core.package_identification:_identify(.) by extensions ['ignore', 'ignore_ament_install']
[0.513s] Level 1:colcon.colcon_core.package_identification:_identify(.) by extension 'ignore'
[0.513s] Level 1:colcon.colcon_core.package_identification:_identify(.) by extension 'ignore_ament_install'
[0.513s] Level 1:colcon.colcon_core.package_identification:_identify(.) by extensions ['colcon_pkg']
[0.513s] Level 1:colcon.colcon_core.package_identification:_identify(.) by extension 'colcon_pkg'
[0.513s] Level 1:colcon.colcon_core.package_identification:_identify(.) by extensions ['colcon_meta']
[0.513s] Level 1:colcon.colcon_core.package_identification:_identify(.) by extension 'colcon_meta'
[0.513s] Level 1:colcon.colcon_core.package_identification:_identify(.) by extensions ['ros']
[0.514s] Level 1:colcon.colcon_core.package_identification:_identify(.) by extension 'ros'
[0.532s] Level 1:colcon.colcon_core.package_identification:_identify(.) by extensions ['cmake', 'python']
[0.532s] Level 1:colcon.colcon_core.package_identification:_identify(.) by extension 'cmake'
[0.532s] Level 1:colcon.colcon_core.package_identification:_identify(.) by extension 'python'
[0.533s] Level 1:colcon.colcon_core.package_identification:_identify(.) by extensions ['python_setup_py']
[0.533s] Level 1:colcon.colcon_core.package_identification:_identify(.) by extension 'python_setup_py'
[0.533s] Level 1:colcon.colcon_core.package_identification:_identify(build) by extensions ['ignore', 'ignore_ament_install']
[0.533s] Level 1:colcon.colcon_core.package_identification:_identify(build) by extension 'ignore'
[0.533s] Level 1:colcon.colcon_core.package_identification:_identify(build) ignored
[0.533s] Level 1:colcon.colcon_core.package_identification:_identify(docs) by extensions ['ignore', 'ignore_ament_install']
[0.533s] Level 1:colcon.colcon_core.package_identification:_identify(docs) by extension 'ignore'
[0.534s] Level 1:colcon.colcon_core.package_identification:_identify(docs) by extension 'ignore_ament_install'
[0.534s] Level 1:colcon.colcon_core.package_identification:_identify(docs) by extensions ['colcon_pkg']
[0.534s] Level 1:colcon.colcon_core.package_identification:_identify(docs) by extension 'colcon_pkg'
[0.534s] Level 1:colcon.colcon_core.package_identification:_identify(docs) by extensions ['colcon_meta']
[0.534s] Level 1:colcon.colcon_core.package_identification:_identify(docs) by extension 'colcon_meta'
[0.534s] Level 1:colcon.colcon_core.package_identification:_identify(docs) by extensions ['ros']
[0.534s] Level 1:colcon.colcon_core.package_identification:_identify(docs) by extension 'ros'
[0.534s] Level 1:colcon.colcon_core.package_identification:_identify(docs) by extensions ['cmake', 'python']
[0.534s] Level 1:colcon.colcon_core.package_identification:_identify(docs) by extension 'cmake'
[0.534s] Level 1:colcon.colcon_core.package_identification:_identify(docs) by extension 'python'
[0.534s] Level 1:colcon.colcon_core.package_identification:_identify(docs) by extensions ['python_setup_py']
[0.534s] Level 1:colcon.colcon_core.package_identification:_identify(docs) by extension 'python_setup_py'
[0.535s] Level 1:colcon.colcon_core.package_identification:_identify(install) by extensions ['ignore', 'ignore_ament_install']
[0.535s] Level 1:colcon.colcon_core.package_identification:_identify(install) by extension 'ignore'
[0.535s] Level 1:colcon.colcon_core.package_identification:_identify(install) ignored
[0.535s] Level 1:colcon.colcon_core.package_identification:_identify(log) by extensions ['ignore', 'ignore_ament_install']
[0.535s] Level 1:colcon.colcon_core.package_identification:_identify(log) by extension 'ignore'
[0.535s] Level 1:colcon.colcon_core.package_identification:_identify(log) ignored
[0.535s] Level 1:colcon.colcon_core.package_identification:_identify(usv_master) by extensions ['ignore', 'ignore_ament_install']
[0.536s] Level 1:colcon.colcon_core.package_identification:_identify(usv_master) by extension 'ignore'
[0.536s] Level 1:colcon.colcon_core.package_identification:_identify(usv_master) by extension 'ignore_ament_install'
[0.536s] Level 1:colcon.colcon_core.package_identification:_identify(usv_master) by extensions ['colcon_pkg']
[0.536s] Level 1:colcon.colcon_core.package_identification:_identify(usv_master) by extension 'colcon_pkg'
[0.536s] Level 1:colcon.colcon_core.package_identification:_identify(usv_master) by extensions ['colcon_meta']
[0.536s] Level 1:colcon.colcon_core.package_identification:_identify(usv_master) by extension 'colcon_meta'
[0.536s] Level 1:colcon.colcon_core.package_identification:_identify(usv_master) by extensions ['ros']
[0.536s] Level 1:colcon.colcon_core.package_identification:_identify(usv_master) by extension 'ros'
[0.540s] DEBUG:colcon.colcon_core.package_identification:Package 'usv_master' with type 'ros.ament_cmake' and name 'usv_master'
[0.540s] Level 1:colcon.colcon_core.package_identification:_identify(usv_missions) by extensions ['ignore', 'ignore_ament_install']
[0.540s] Level 1:colcon.colcon_core.package_identification:_identify(usv_missions) by extension 'ignore'
[0.540s] Level 1:colcon.colcon_core.package_identification:_identify(usv_missions) by extension 'ignore_ament_install'
[0.541s] Level 1:colcon.colcon_core.package_identification:_identify(usv_missions) by extensions ['colcon_pkg']
[0.541s] Level 1:colcon.colcon_core.package_identification:_identify(usv_missions) by extension 'colcon_pkg'
[0.541s] Level 1:colcon.colcon_core.package_identification:_identify(usv_missions) by extensions ['colcon_meta']
[0.541s] Level 1:colcon.colcon_core.package_identification:_identify(usv_missions) by extension 'colcon_meta'
[0.541s] Level 1:colcon.colcon_core.package_identification:_identify(usv_missions) by extensions ['ros']
[0.541s] Level 1:colcon.colcon_core.package_identification:_identify(usv_missions) by extension 'ros'
[0.543s] DEBUG:colcon.colcon_core.package_identification:Package 'usv_missions' with type 'ros.ament_cmake' and name 'usv_missions'
[0.543s] Level 1:colcon.colcon_core.package_discovery:discover_packages(recursive) using defaults
[0.543s] Level 1:colcon.colcon_core.package_discovery:discover_packages(ignore) discover
[0.543s] Level 1:colcon.colcon_core.package_discovery:discover_packages(ignore) using defaults
[0.543s] Level 1:colcon.colcon_core.package_discovery:discover_packages(path) discover
[0.543s] Level 1:colcon.colcon_core.package_discovery:discover_packages(path) using defaults
[0.577s] Level 1:colcon.colcon_core.package_discovery:discover_packages(prefix_path) check parameters
[0.577s] Level 1:colcon.colcon_core.package_discovery:discover_packages(prefix_path) discover
[0.582s] DEBUG:colcon.colcon_installed_package_information.package_discovery:Found 2 installed packages in /home/ale/Documents/Vanttec/usv/src/vanttec_usv/install
[0.584s] DEBUG:colcon.colcon_installed_package_information.package_discovery:Found 2 installed packages in /home/ale/Documents/Vanttec/usv/install
[0.588s] DEBUG:colcon.colcon_installed_package_information.package_discovery:Found 270 installed packages in /opt/ros/humble
[0.591s] Level 1:colcon.colcon_core.package_discovery:discover_packages(prefix_path) using defaults
[0.701s] Level 5:colcon.colcon_core.verb:set package 'usv_master' build argument 'cmake_args' from command line to 'None'
[0.701s] Level 5:colcon.colcon_core.verb:set package 'usv_master' build argument 'cmake_target' from command line to 'None'
[0.701s] Level 5:colcon.colcon_core.verb:set package 'usv_master' build argument 'cmake_target_skip_unavailable' from command line to 'False'
[0.701s] Level 5:colcon.colcon_core.verb:set package 'usv_master' build argument 'cmake_clean_cache' from command line to 'False'
[0.702s] Level 5:colcon.colcon_core.verb:set package 'usv_master' build argument 'cmake_clean_first' from command line to 'False'
[0.702s] Level 5:colcon.colcon_core.verb:set package 'usv_master' build argument 'cmake_force_configure' from command line to 'False'
[0.702s] Level 5:colcon.colcon_core.verb:set package 'usv_master' build argument 'ament_cmake_args' from command line to 'None'
[0.702s] Level 5:colcon.colcon_core.verb:set package 'usv_master' build argument 'catkin_cmake_args' from command line to 'None'
[0.702s] Level 5:colcon.colcon_core.verb:set package 'usv_master' build argument 'catkin_skip_building_tests' from command line to 'False'
[0.702s] DEBUG:colcon.colcon_core.verb:Building package 'usv_master' with the following arguments: {'ament_cmake_args': None, 'build_base': '/home/ale/Documents/Vanttec/usv/src/vanttec_usv/build/usv_master', 'catkin_cmake_args': None, 'catkin_skip_building_tests': False, 'cmake_args': None, 'cmake_clean_cache': False, 'cmake_clean_first': False, 'cmake_force_configure': False, 'cmake_target': None, 'cmake_target_skip_unavailable': False, 'install_base': '/home/ale/Documents/Vanttec/usv/src/vanttec_usv/install/usv_master', 'merge_install': False, 'path': '/home/ale/Documents/Vanttec/usv/src/vanttec_usv/usv_master', 'symlink_install': False, 'test_result_base': None}
[0.704s] Level 5:colcon.colcon_core.verb:set package 'usv_missions' build argument 'cmake_args' from command line to 'None'
[0.704s] Level 5:colcon.colcon_core.verb:set package 'usv_missions' build argument 'cmake_target' from command line to 'None'
[0.704s] Level 5:colcon.colcon_core.verb:set package 'usv_missions' build argument 'cmake_target_skip_unavailable' from command line to 'False'
[0.704s] Level 5:colcon.colcon_core.verb:set package 'usv_missions' build argument 'cmake_clean_cache' from command line to 'False'
[0.704s] Level 5:colcon.colcon_core.verb:set package 'usv_missions' build argument 'cmake_clean_first' from command line to 'False'
[0.704s] Level 5:colcon.colcon_core.verb:set package 'usv_missions' build argument 'cmake_force_configure' from command line to 'False'
[0.704s] Level 5:colcon.colcon_core.verb:set package 'usv_missions' build argument 'ament_cmake_args' from command line to 'None'
[0.704s] Level 5:colcon.colcon_core.verb:set package 'usv_missions' build argument 'catkin_cmake_args' from command line to 'None'
[0.704s] Level 5:colcon.colcon_core.verb:set package 'usv_missions' build argument 'catkin_skip_building_tests' from command line to 'False'
[0.704s] DEBUG:colcon.colcon_core.verb:Building package 'usv_missions' with the following arguments: {'ament_cmake_args': None, 'build_base': '/home/ale/Documents/Vanttec/usv/src/vanttec_usv/build/usv_missions', 'catkin_cmake_args': None, 'catkin_skip_building_tests': False, 'cmake_args': None, 'cmake_clean_cache': False, 'cmake_clean_first': False, 'cmake_force_configure': False, 'cmake_target': None, 'cmake_target_skip_unavailable': False, 'install_base': '/home/ale/Documents/Vanttec/usv/src/vanttec_usv/install/usv_missions', 'merge_install': False, 'path': '/home/ale/Documents/Vanttec/usv/src/vanttec_usv/usv_missions', 'symlink_install': False, 'test_result_base': None}
[0.705s] INFO:colcon.colcon_core.executor:Executing jobs using 'parallel' executor
[0.711s] DEBUG:colcon.colcon_parallel_executor.executor.parallel:run_until_complete
[0.712s] INFO:colcon.colcon_ros.task.ament_cmake.build:Building ROS package in '/home/ale/Documents/Vanttec/usv/src/vanttec_usv/usv_master' with build type 'ament_cmake'
[0.712s] INFO:colcon.colcon_cmake.task.cmake.build:Building CMake package in '/home/ale/Documents/Vanttec/usv/src/vanttec_usv/usv_master'
[0.720s] INFO:colcon.colcon_core.plugin_system:Skipping extension 'colcon_core.shell.bat': Not used on non-Windows systems
[0.721s] INFO:colcon.colcon_core.shell:Skip shell extension 'powershell' for command environment: Not usable outside of PowerShell
[0.721s] DEBUG:colcon.colcon_core.shell:Skip shell extension 'dsv' for command environment
[0.730s] INFO:colcon.colcon_ros.task.ament_cmake.build:Building ROS package in '/home/ale/Documents/Vanttec/usv/src/vanttec_usv/usv_missions' with build type 'ament_cmake'
[0.731s] INFO:colcon.colcon_cmake.task.cmake.build:Building CMake package in '/home/ale/Documents/Vanttec/usv/src/vanttec_usv/usv_missions'
[0.734s] INFO:colcon.colcon_core.shell:Skip shell extension 'powershell' for command environment: Not usable outside of PowerShell
[0.734s] DEBUG:colcon.colcon_core.shell:Skip shell extension 'dsv' for command environment
[0.757s] DEBUG:colcon.colcon_core.event_handler.log_command:Invoking command in '/home/ale/Documents/Vanttec/usv/src/vanttec_usv/build/usv_master': CMAKE_PREFIX_PATH=${CMAKE_PREFIX_PATH}:/opt/ros/humble /usr/bin/cmake --build /home/ale/Documents/Vanttec/usv/src/vanttec_usv/build/usv_master -- -j4 -l4
[0.772s] DEBUG:colcon.colcon_core.event_handler.log_command:Invoking command in '/home/ale/Documents/Vanttec/usv/src/vanttec_usv/build/usv_missions': CMAKE_PREFIX_PATH=${CMAKE_PREFIX_PATH}:/opt/ros/humble /usr/bin/cmake --build /home/ale/Documents/Vanttec/usv/src/vanttec_usv/build/usv_missions -- -j4 -l4
[20.621s] DEBUG:colcon.colcon_core.event_handler.log_command:Invoked command in '/home/ale/Documents/Vanttec/usv/src/vanttec_usv/build/usv_missions' returned '0': CMAKE_PREFIX_PATH=${CMAKE_PREFIX_PATH}:/opt/ros/humble /usr/bin/cmake --build /home/ale/Documents/Vanttec/usv/src/vanttec_usv/build/usv_missions -- -j4 -l4
[20.715s] DEBUG:colcon.colcon_core.event_handler.log_command:Invoking command in '/home/ale/Documents/Vanttec/usv/src/vanttec_usv/build/usv_missions': CMAKE_PREFIX_PATH=${CMAKE_PREFIX_PATH}:/opt/ros/humble /usr/bin/cmake --install /home/ale/Documents/Vanttec/usv/src/vanttec_usv/build/usv_missions
[21.101s] Level 1:colcon.colcon_core.environment:create_environment_scripts_only(usv_missions)
[21.104s] DEBUG:colcon.colcon_core.event_handler.log_command:Invoked command in '/home/ale/Documents/Vanttec/usv/src/vanttec_usv/build/usv_missions' returned '0': CMAKE_PREFIX_PATH=${CMAKE_PREFIX_PATH}:/opt/ros/humble /usr/bin/cmake --install /home/ale/Documents/Vanttec/usv/src/vanttec_usv/build/usv_missions
[21.276s] Level 1:colcon.colcon_core.environment:checking '/home/ale/Documents/Vanttec/usv/src/vanttec_usv/install/usv_missions' for CMake module files
[21.277s] Level 1:colcon.colcon_core.environment:checking '/home/ale/Documents/Vanttec/usv/src/vanttec_usv/install/usv_missions' for CMake config files
[21.298s] Level 1:colcon.colcon_core.shell:create_environment_hook('usv_missions', 'cmake_prefix_path')
[21.302s] INFO:colcon.colcon_core.shell:Creating environment hook '/home/ale/Documents/Vanttec/usv/src/vanttec_usv/install/usv_missions/share/usv_missions/hook/cmake_prefix_path.ps1'
[21.304s] INFO:colcon.colcon_core.shell:Creating environment descriptor '/home/ale/Documents/Vanttec/usv/src/vanttec_usv/install/usv_missions/share/usv_missions/hook/cmake_prefix_path.dsv'
[21.304s] INFO:colcon.colcon_core.shell:Creating environment hook '/home/ale/Documents/Vanttec/usv/src/vanttec_usv/install/usv_missions/share/usv_missions/hook/cmake_prefix_path.sh'
[21.306s] Level 1:colcon.colcon_core.environment:checking '/home/ale/Documents/Vanttec/usv/src/vanttec_usv/install/usv_missions/lib'
[21.307s] Level 1:colcon.colcon_core.environment:checking '/home/ale/Documents/Vanttec/usv/src/vanttec_usv/install/usv_missions/bin'
[21.307s] Level 1:colcon.colcon_core.environment:checking '/home/ale/Documents/Vanttec/usv/src/vanttec_usv/install/usv_missions/lib/pkgconfig/usv_missions.pc'
[21.308s] Level 1:colcon.colcon_core.environment:checking '/home/ale/Documents/Vanttec/usv/src/vanttec_usv/install/usv_missions/lib/python3.10/site-packages'
[21.308s] Level 1:colcon.colcon_core.environment:checking '/home/ale/Documents/Vanttec/usv/src/vanttec_usv/install/usv_missions/bin'
[21.312s] INFO:colcon.colcon_core.shell:Creating package script '/home/ale/Documents/Vanttec/usv/src/vanttec_usv/install/usv_missions/share/usv_missions/package.ps1'
[21.314s] INFO:colcon.colcon_core.shell:Creating package descriptor '/home/ale/Documents/Vanttec/usv/src/vanttec_usv/install/usv_missions/share/usv_missions/package.dsv'
[21.324s] INFO:colcon.colcon_core.shell:Creating package script '/home/ale/Documents/Vanttec/usv/src/vanttec_usv/install/usv_missions/share/usv_missions/package.sh'
[21.326s] INFO:colcon.colcon_core.shell:Creating package script '/home/ale/Documents/Vanttec/usv/src/vanttec_usv/install/usv_missions/share/usv_missions/package.bash'
[21.349s] INFO:colcon.colcon_core.shell:Creating package script '/home/ale/Documents/Vanttec/usv/src/vanttec_usv/install/usv_missions/share/usv_missions/package.zsh'
[21.377s] Level 1:colcon.colcon_core.environment:create_file_with_runtime_dependencies(/home/ale/Documents/Vanttec/usv/src/vanttec_usv/install/usv_missions/share/colcon-core/packages/usv_missions)
[21.426s] Level 1:colcon.colcon_core.environment:create_environment_scripts_only(usv_missions)
[21.432s] Level 1:colcon.colcon_core.environment:checking '/home/ale/Documents/Vanttec/usv/src/vanttec_usv/install/usv_missions' for CMake module files
[21.434s] Level 1:colcon.colcon_core.environment:checking '/home/ale/Documents/Vanttec/usv/src/vanttec_usv/install/usv_missions' for CMake config files
[21.434s] Level 1:colcon.colcon_core.shell:create_environment_hook('usv_missions', 'cmake_prefix_path')
[21.438s] INFO:colcon.colcon_core.shell:Creating environment hook '/home/ale/Documents/Vanttec/usv/src/vanttec_usv/install/usv_missions/share/usv_missions/hook/cmake_prefix_path.ps1'
[21.440s] INFO:colcon.colcon_core.shell:Creating environment descriptor '/home/ale/Documents/Vanttec/usv/src/vanttec_usv/install/usv_missions/share/usv_missions/hook/cmake_prefix_path.dsv'
[21.440s] INFO:colcon.colcon_core.shell:Creating environment hook '/home/ale/Documents/Vanttec/usv/src/vanttec_usv/install/usv_missions/share/usv_missions/hook/cmake_prefix_path.sh'
[21.442s] Level 1:colcon.colcon_core.environment:checking '/home/ale/Documents/Vanttec/usv/src/vanttec_usv/install/usv_missions/lib'
[21.442s] Level 1:colcon.colcon_core.environment:checking '/home/ale/Documents/Vanttec/usv/src/vanttec_usv/install/usv_missions/bin'
[21.442s] Level 1:colcon.colcon_core.environment:checking '/home/ale/Documents/Vanttec/usv/src/vanttec_usv/install/usv_missions/lib/pkgconfig/usv_missions.pc'
[21.443s] Level 1:colcon.colcon_core.environment:checking '/home/ale/Documents/Vanttec/usv/src/vanttec_usv/install/usv_missions/lib/python3.10/site-packages'
[21.443s] Level 1:colcon.colcon_core.environment:checking '/home/ale/Documents/Vanttec/usv/src/vanttec_usv/install/usv_missions/bin'
[21.448s] INFO:colcon.colcon_core.shell:Creating package script '/home/ale/Documents/Vanttec/usv/src/vanttec_usv/install/usv_missions/share/usv_missions/package.ps1'
[21.449s] INFO:colcon.colcon_core.shell:Creating package descriptor '/home/ale/Documents/Vanttec/usv/src/vanttec_usv/install/usv_missions/share/usv_missions/package.dsv'
[21.451s] INFO:colcon.colcon_core.shell:Creating package script '/home/ale/Documents/Vanttec/usv/src/vanttec_usv/install/usv_missions/share/usv_missions/package.sh'
[21.453s] INFO:colcon.colcon_core.shell:Creating package script '/home/ale/Documents/Vanttec/usv/src/vanttec_usv/install/usv_missions/share/usv_missions/package.bash'
[21.454s] INFO:colcon.colcon_core.shell:Creating package script '/home/ale/Documents/Vanttec/usv/src/vanttec_usv/install/usv_missions/share/usv_missions/package.zsh'
[21.455s] Level 1:colcon.colcon_core.environment:create_file_with_runtime_dependencies(/home/ale/Documents/Vanttec/usv/src/vanttec_usv/install/usv_missions/share/colcon-core/packages/usv_missions)
[23.357s] DEBUG:colcon.colcon_core.event_handler.log_command:Invoked command in '/home/ale/Documents/Vanttec/usv/src/vanttec_usv/build/usv_master' returned '0': CMAKE_PREFIX_PATH=${CMAKE_PREFIX_PATH}:/opt/ros/humble /usr/bin/cmake --build /home/ale/Documents/Vanttec/usv/src/vanttec_usv/build/usv_master -- -j4 -l4
[23.394s] DEBUG:colcon.colcon_core.event_handler.log_command:Invoking command in '/home/ale/Documents/Vanttec/usv/src/vanttec_usv/build/usv_master': CMAKE_PREFIX_PATH=${CMAKE_PREFIX_PATH}:/opt/ros/humble /usr/bin/cmake --install /home/ale/Documents/Vanttec/usv/src/vanttec_usv/build/usv_master
[23.418s] Level 1:colcon.colcon_core.environment:create_environment_scripts_only(usv_master)
[23.423s] Level 1:colcon.colcon_core.environment:checking '/home/ale/Documents/Vanttec/usv/src/vanttec_usv/install/usv_master' for CMake module files
[23.424s] DEBUG:colcon.colcon_core.event_handler.log_command:Invoked command in '/home/ale/Documents/Vanttec/usv/src/vanttec_usv/build/usv_master' returned '0': CMAKE_PREFIX_PATH=${CMAKE_PREFIX_PATH}:/opt/ros/humble /usr/bin/cmake --install /home/ale/Documents/Vanttec/usv/src/vanttec_usv/build/usv_master
[23.425s] Level 1:colcon.colcon_core.environment:checking '/home/ale/Documents/Vanttec/usv/src/vanttec_usv/install/usv_master' for CMake config files
[23.425s] Level 1:colcon.colcon_core.shell:create_environment_hook('usv_master', 'cmake_prefix_path')
[23.427s] INFO:colcon.colcon_core.shell:Creating environment hook '/home/ale/Documents/Vanttec/usv/src/vanttec_usv/install/usv_master/share/usv_master/hook/cmake_prefix_path.ps1'
[23.428s] INFO:colcon.colcon_core.shell:Creating environment descriptor '/home/ale/Documents/Vanttec/usv/src/vanttec_usv/install/usv_master/share/usv_master/hook/cmake_prefix_path.dsv'
[23.429s] INFO:colcon.colcon_core.shell:Creating environment hook '/home/ale/Documents/Vanttec/usv/src/vanttec_usv/install/usv_master/share/usv_master/hook/cmake_prefix_path.sh'
[23.430s] Level 1:colcon.colcon_core.environment:checking '/home/ale/Documents/Vanttec/usv/src/vanttec_usv/install/usv_master/lib'
[23.430s] Level 1:colcon.colcon_core.environment:checking '/home/ale/Documents/Vanttec/usv/src/vanttec_usv/install/usv_master/bin'
[23.430s] Level 1:colcon.colcon_core.environment:checking '/home/ale/Documents/Vanttec/usv/src/vanttec_usv/install/usv_master/lib/pkgconfig/usv_master.pc'
[23.430s] Level 1:colcon.colcon_core.environment:checking '/home/ale/Documents/Vanttec/usv/src/vanttec_usv/install/usv_master/lib/python3.10/site-packages'
[23.431s] Level 1:colcon.colcon_core.environment:checking '/home/ale/Documents/Vanttec/usv/src/vanttec_usv/install/usv_master/bin'
[23.433s] INFO:colcon.colcon_core.shell:Creating package script '/home/ale/Documents/Vanttec/usv/src/vanttec_usv/install/usv_master/share/usv_master/package.ps1'
[23.434s] INFO:colcon.colcon_core.shell:Creating package descriptor '/home/ale/Documents/Vanttec/usv/src/vanttec_usv/install/usv_master/share/usv_master/package.dsv'
[23.434s] INFO:colcon.colcon_core.shell:Creating package script '/home/ale/Documents/Vanttec/usv/src/vanttec_usv/install/usv_master/share/usv_master/package.sh'
[23.435s] INFO:colcon.colcon_core.shell:Creating package script '/home/ale/Documents/Vanttec/usv/src/vanttec_usv/install/usv_master/share/usv_master/package.bash'
[23.435s] INFO:colcon.colcon_core.shell:Creating package script '/home/ale/Documents/Vanttec/usv/src/vanttec_usv/install/usv_master/share/usv_master/package.zsh'
[23.436s] Level 1:colcon.colcon_core.environment:create_file_with_runtime_dependencies(/home/ale/Documents/Vanttec/usv/src/vanttec_usv/install/usv_master/share/colcon-core/packages/usv_master)
[23.468s] Level 1:colcon.colcon_core.environment:create_environment_scripts_only(usv_master)
[23.471s] Level 1:colcon.colcon_core.environment:checking '/home/ale/Documents/Vanttec/usv/src/vanttec_usv/install/usv_master' for CMake module files
[23.472s] Level 1:colcon.colcon_core.environment:checking '/home/ale/Documents/Vanttec/usv/src/vanttec_usv/install/usv_master' for CMake config files
[23.472s] Level 1:colcon.colcon_core.shell:create_environment_hook('usv_master', 'cmake_prefix_path')
[23.475s] INFO:colcon.colcon_core.shell:Creating environment hook '/home/ale/Documents/Vanttec/usv/src/vanttec_usv/install/usv_master/share/usv_master/hook/cmake_prefix_path.ps1'
[23.475s] INFO:colcon.colcon_core.shell:Creating environment descriptor '/home/ale/Documents/Vanttec/usv/src/vanttec_usv/install/usv_master/share/usv_master/hook/cmake_prefix_path.dsv'
[23.476s] INFO:colcon.colcon_core.shell:Creating environment hook '/home/ale/Documents/Vanttec/usv/src/vanttec_usv/install/usv_master/share/usv_master/hook/cmake_prefix_path.sh'
[23.477s] Level 1:colcon.colcon_core.environment:checking '/home/ale/Documents/Vanttec/usv/src/vanttec_usv/install/usv_master/lib'
[23.477s] Level 1:colcon.colcon_core.environment:checking '/home/ale/Documents/Vanttec/usv/src/vanttec_usv/install/usv_master/bin'
[23.477s] Level 1:colcon.colcon_core.environment:checking '/home/ale/Documents/Vanttec/usv/src/vanttec_usv/install/usv_master/lib/pkgconfig/usv_master.pc'
[23.478s] Level 1:colcon.colcon_core.environment:checking '/home/ale/Documents/Vanttec/usv/src/vanttec_usv/install/usv_master/lib/python3.10/site-packages'
[23.478s] Level 1:colcon.colcon_core.environment:checking '/home/ale/Documents/Vanttec/usv/src/vanttec_usv/install/usv_master/bin'
[23.481s] INFO:colcon.colcon_core.shell:Creating package script '/home/ale/Documents/Vanttec/usv/src/vanttec_usv/install/usv_master/share/usv_master/package.ps1'
[23.482s] INFO:colcon.colcon_core.shell:Creating package descriptor '/home/ale/Documents/Vanttec/usv/src/vanttec_usv/install/usv_master/share/usv_master/package.dsv'
[23.483s] INFO:colcon.colcon_core.shell:Creating package script '/home/ale/Documents/Vanttec/usv/src/vanttec_usv/install/usv_master/share/usv_master/package.sh'
[23.483s] INFO:colcon.colcon_core.shell:Creating package script '/home/ale/Documents/Vanttec/usv/src/vanttec_usv/install/usv_master/share/usv_master/package.bash'
[23.484s] INFO:colcon.colcon_core.shell:Creating package script '/home/ale/Documents/Vanttec/usv/src/vanttec_usv/install/usv_master/share/usv_master/package.zsh'
[23.484s] Level 1:colcon.colcon_core.environment:create_file_with_runtime_dependencies(/home/ale/Documents/Vanttec/usv/src/vanttec_usv/install/usv_master/share/colcon-core/packages/usv_master)
[23.485s] DEBUG:colcon.colcon_parallel_executor.executor.parallel:closing loop
[23.485s] DEBUG:colcon.colcon_parallel_executor.executor.parallel:loop closed
[23.485s] DEBUG:colcon.colcon_parallel_executor.executor.parallel:run_until_complete finished with '0'
[23.486s] DEBUG:colcon.colcon_core.event_reactor:joining thread
[23.560s] INFO:colcon.colcon_core.plugin_system:Skipping extension 'colcon_notification.desktop_notification.terminal_notifier': Not used on non-Darwin systems
[23.561s] INFO:colcon.colcon_core.plugin_system:Skipping extension 'colcon_notification.desktop_notification.win32': Not used on non-Windows systems
[23.561s] INFO:colcon.colcon_notification.desktop_notification:Sending desktop notification using 'notify2'
[23.691s] DEBUG:colcon.colcon_core.event_reactor:joined thread
[23.696s] INFO:colcon.colcon_core.shell:Creating prefix script '/home/ale/Documents/Vanttec/usv/src/vanttec_usv/install/local_setup.ps1'
[23.698s] INFO:colcon.colcon_core.shell:Creating prefix util module '/home/ale/Documents/Vanttec/usv/src/vanttec_usv/install/_local_setup_util_ps1.py'
[23.702s] INFO:colcon.colcon_core.shell:Creating prefix chain script '/home/ale/Documents/Vanttec/usv/src/vanttec_usv/install/setup.ps1'
[23.706s] INFO:colcon.colcon_core.shell:Creating prefix script '/home/ale/Documents/Vanttec/usv/src/vanttec_usv/install/local_setup.sh'
[23.708s] INFO:colcon.colcon_core.shell:Creating prefix util module '/home/ale/Documents/Vanttec/usv/src/vanttec_usv/install/_local_setup_util_sh.py'
[23.709s] INFO:colcon.colcon_core.shell:Creating prefix chain script '/home/ale/Documents/Vanttec/usv/src/vanttec_usv/install/setup.sh'
[23.713s] INFO:colcon.colcon_core.shell:Creating prefix script '/home/ale/Documents/Vanttec/usv/src/vanttec_usv/install/local_setup.bash'
[23.714s] INFO:colcon.colcon_core.shell:Creating prefix chain script '/home/ale/Documents/Vanttec/usv/src/vanttec_usv/install/setup.bash'
[23.718s] INFO:colcon.colcon_core.shell:Creating prefix script '/home/ale/Documents/Vanttec/usv/src/vanttec_usv/install/local_setup.zsh'
[23.719s] INFO:colcon.colcon_core.shell:Creating prefix chain script '/home/ale/Documents/Vanttec/usv/src/vanttec_usv/install/setup.zsh'
