[0.028s] Invoking command in '/home/ale/Documents/Vanttec/usv/src/vanttec_usv/build/usv_master': CMAKE_PREFIX_PATH=${CMAKE_PREFIX_PATH}:/opt/ros/humble /usr/bin/cmake /home/ale/Documents/Vanttec/usv/src/vanttec_usv/usv_master -DCMAKE_INSTALL_PREFIX=/home/ale/Documents/Vanttec/usv/src/vanttec_usv/install/usv_master
[0.884s] -- The C compiler identification is GNU 11.3.0
[1.037s] -- The CXX compiler identification is GNU 11.3.0
[1.062s] -- Detecting C compiler ABI info
[1.304s] -- Detecting C compiler ABI info - done
[1.325s] -- Check for working C compiler: /usr/bin/cc - skipped
[1.352s] -- Detecting C compile features
[1.360s] -- Detecting C compile features - done
[1.386s] -- Detecting CXX compiler ABI info
[1.580s] -- Detecting CXX compiler ABI info - done
[1.629s] -- Check for working CXX compiler: /usr/bin/c++ - skipped
[1.635s] -- Detecting CXX compile features
[1.636s] -- Detecting CXX compile features - done
[1.697s] -- Found ament_cmake: 1.3.4 (/opt/ros/humble/share/ament_cmake/cmake)
[2.176s] -- Found Python3: /usr/bin/python3.10 (found version "3.10.6") found components: Interpreter 
[2.421s] -- Found rclcpp: 16.0.4 (/opt/ros/humble/share/rclcpp/cmake)
[2.551s] -- Found rosidl_generator_c: 3.1.4 (/opt/ros/humble/share/rosidl_generator_c/cmake)
[2.564s] -- Found rosidl_adapter: 3.1.4 (/opt/ros/humble/share/rosidl_adapter/cmake)
[2.580s] -- Found rosidl_generator_cpp: 3.1.4 (/opt/ros/humble/share/rosidl_generator_cpp/cmake)
[2.608s] -- Using all available rosidl_typesupport_c: rosidl_typesupport_fastrtps_c;rosidl_typesupport_introspection_c
[2.654s] -- Using all available rosidl_typesupport_cpp: rosidl_typesupport_fastrtps_cpp;rosidl_typesupport_introspection_cpp
[2.813s] -- Found rmw_implementation_cmake: 6.1.1 (/opt/ros/humble/share/rmw_implementation_cmake/cmake)
[2.817s] -- Found rmw_fastrtps_cpp: 6.2.2 (/opt/ros/humble/share/rmw_fastrtps_cpp/cmake)
[3.116s] -- Found OpenSSL: /usr/lib/x86_64-linux-gnu/libcrypto.so (found version "3.0.2")  
[3.164s] -- Found FastRTPS: /opt/ros/humble/include  
[3.235s] -- Using RMW implementation 'rmw_fastrtps_cpp' as default
[3.271s] -- Looking for pthread.h
[3.457s] -- Looking for pthread.h - found
[3.458s] -- Performing Test CMAKE_HAVE_LIBC_PTHREAD
[3.606s] -- Performing Test CMAKE_HAVE_LIBC_PTHREAD - Success
[3.608s] -- Found Threads: TRUE  
[3.920s] -- Found rclpy: 3.3.8 (/opt/ros/humble/share/rclpy/cmake)
[3.943s] -- Found ament_lint_auto: 0.12.6 (/opt/ros/humble/share/ament_lint_auto/cmake)
[4.090s] -- Added test 'cppcheck' to perform static code analysis on C / C++ code
[4.090s] -- Configured cppcheck include dirs: 
[4.090s] -- Configured cppcheck exclude dirs and/or files: 
[4.092s] -- Added test 'flake8' to check Python code syntax and style conventions
[4.095s] -- Added test 'lint_cmake' to check CMake code style
[4.096s] -- Added test 'pep257' to check Python code against some of the docstring style conventions in PEP 257
[4.099s] -- Added test 'uncrustify' to check C / C++ code style
[4.100s] -- Configured uncrustify additional arguments: 
[4.101s] -- Added test 'xmllint' to check XML markup files
[4.104s] -- Configuring done
[4.128s] -- Generating done
[4.132s] -- Build files have been written to: /home/ale/Documents/Vanttec/usv/src/vanttec_usv/build/usv_master
