[0.032s] Invoking command in '/home/ale/Documents/Vanttec/usv/src/vanttec_usv/build/usv_missions': CMAKE_PREFIX_PATH=${CMAKE_PREFIX_PATH}:/opt/ros/humble /usr/bin/cmake --build /home/ale/Documents/Vanttec/usv/src/vanttec_usv/build/usv_missions -- -j4 -l4
[0.107s] [35m[1mConsolidate compiler generated dependencies of target usv_missions[0m
[0.147s] [ 50%] [32mBuilding CXX object CMakeFiles/usv_missions.dir/src/usv_missions.cpp.o[0m
[16.145s] [100%] [32m[1mLinking CXX executable usv_missions[0m
[17.067s] [100%] Built target usv_missions
[17.081s] Invoked command in '/home/ale/Documents/Vanttec/usv/src/vanttec_usv/build/usv_missions' returned '0': CMAKE_PREFIX_PATH=${CMAKE_PREFIX_PATH}:/opt/ros/humble /usr/bin/cmake --build /home/ale/Documents/Vanttec/usv/src/vanttec_usv/build/usv_missions -- -j4 -l4
[17.111s] Invoking command in '/home/ale/Documents/Vanttec/usv/src/vanttec_usv/build/usv_missions': CMAKE_PREFIX_PATH=${CMAKE_PREFIX_PATH}:/opt/ros/humble /usr/bin/cmake --install /home/ale/Documents/Vanttec/usv/src/vanttec_usv/build/usv_missions
[17.123s] -- Install configuration: ""
[17.123s] -- Installing: /home/ale/Documents/Vanttec/usv/src/vanttec_usv/install/usv_missions/lib/usv_missions/usv_missions
[17.131s] -- Set runtime path of "/home/ale/Documents/Vanttec/usv/src/vanttec_usv/install/usv_missions/lib/usv_missions/usv_missions" to ""
[17.131s] -- Up-to-date: /home/ale/Documents/Vanttec/usv/src/vanttec_usv/install/usv_missions/share/ament_index/resource_index/package_run_dependencies/usv_missions
[17.131s] -- Up-to-date: /home/ale/Documents/Vanttec/usv/src/vanttec_usv/install/usv_missions/share/ament_index/resource_index/parent_prefix_path/usv_missions
[17.132s] -- Up-to-date: /home/ale/Documents/Vanttec/usv/src/vanttec_usv/install/usv_missions/share/usv_missions/environment/ament_prefix_path.sh
[17.132s] -- Up-to-date: /home/ale/Documents/Vanttec/usv/src/vanttec_usv/install/usv_missions/share/usv_missions/environment/ament_prefix_path.dsv
[17.132s] -- Up-to-date: /home/ale/Documents/Vanttec/usv/src/vanttec_usv/install/usv_missions/share/usv_missions/environment/path.sh
[17.132s] -- Up-to-date: /home/ale/Documents/Vanttec/usv/src/vanttec_usv/install/usv_missions/share/usv_missions/environment/path.dsv
[17.132s] -- Up-to-date: /home/ale/Documents/Vanttec/usv/src/vanttec_usv/install/usv_missions/share/usv_missions/local_setup.bash
[17.133s] -- Up-to-date: /home/ale/Documents/Vanttec/usv/src/vanttec_usv/install/usv_missions/share/usv_missions/local_setup.sh
[17.133s] -- Up-to-date: /home/ale/Documents/Vanttec/usv/src/vanttec_usv/install/usv_missions/share/usv_missions/local_setup.zsh
[17.133s] -- Up-to-date: /home/ale/Documents/Vanttec/usv/src/vanttec_usv/install/usv_missions/share/usv_missions/local_setup.dsv
[17.133s] -- Installing: /home/ale/Documents/Vanttec/usv/src/vanttec_usv/install/usv_missions/share/usv_missions/package.dsv
[17.134s] -- Up-to-date: /home/ale/Documents/Vanttec/usv/src/vanttec_usv/install/usv_missions/share/ament_index/resource_index/packages/usv_missions
[17.134s] -- Up-to-date: /home/ale/Documents/Vanttec/usv/src/vanttec_usv/install/usv_missions/share/usv_missions/cmake/usv_missionsConfig.cmake
[17.134s] -- Up-to-date: /home/ale/Documents/Vanttec/usv/src/vanttec_usv/install/usv_missions/share/usv_missions/cmake/usv_missionsConfig-version.cmake
[17.134s] -- Up-to-date: /home/ale/Documents/Vanttec/usv/src/vanttec_usv/install/usv_missions/share/usv_missions/package.xml
[17.139s] Invoked command in '/home/ale/Documents/Vanttec/usv/src/vanttec_usv/build/usv_missions' returned '0': CMAKE_PREFIX_PATH=${CMAKE_PREFIX_PATH}:/opt/ros/humble /usr/bin/cmake --install /home/ale/Documents/Vanttec/usv/src/vanttec_usv/build/usv_missions
