[0.028s] Invoking command in '/home/ale/Documents/Vanttec/usv/src/vanttec_usv/build/usv_missions': CMAKE_PREFIX_PATH=${CMAKE_PREFIX_PATH}:/opt/ros/humble /usr/bin/cmake --build /home/ale/Documents/Vanttec/usv/src/vanttec_usv/build/usv_missions -- -j4 -l4
[0.250s] -- Found ament_cmake: 1.3.4 (/opt/ros/humble/share/ament_cmake/cmake)
[0.847s] -- Found rclcpp: 16.0.4 (/opt/ros/humble/share/rclcpp/cmake)
[1.095s] -- Found rosidl_generator_c: 3.1.4 (/opt/ros/humble/share/rosidl_generator_c/cmake)
[1.139s] -- Found rosidl_adapter: 3.1.4 (/opt/ros/humble/share/rosidl_adapter/cmake)
[1.206s] -- Found rosidl_generator_cpp: 3.1.4 (/opt/ros/humble/share/rosidl_generator_cpp/cmake)
[1.299s] -- Using all available rosidl_typesupport_c: rosidl_typesupport_fastrtps_c;rosidl_typesupport_introspection_c
[1.352s] -- Using all available rosidl_typesupport_cpp: rosidl_typesupport_fastrtps_cpp;rosidl_typesupport_introspection_cpp
[1.544s] -- Found rmw_implementation_cmake: 6.1.1 (/opt/ros/humble/share/rmw_implementation_cmake/cmake)
[1.582s] -- Found rmw_fastrtps_cpp: 6.2.2 (/opt/ros/humble/share/rmw_fastrtps_cpp/cmake)
[2.245s] -- Using RMW implementation 'rmw_fastrtps_cpp' as default
[2.726s] -- Found geometry_msgs: 4.2.3 (/opt/ros/humble/share/geometry_msgs/cmake)
[2.809s] -- Found ament_lint_auto: 0.12.6 (/opt/ros/humble/share/ament_lint_auto/cmake)
[3.043s] -- Added test 'cppcheck' to perform static code analysis on C / C++ code
[3.044s] -- Configured cppcheck include dirs: 
[3.044s] -- Configured cppcheck exclude dirs and/or files: 
[3.045s] -- Added test 'lint_cmake' to check CMake code style
[3.047s] -- Added test 'uncrustify' to check C / C++ code style
[3.047s] -- Configured uncrustify additional arguments: 
[3.047s] -- Added test 'xmllint' to check XML markup files
[3.050s] -- Configuring done
[3.145s] -- Generating done
[3.152s] -- Build files have been written to: /home/ale/Documents/Vanttec/usv/src/vanttec_usv/build/usv_missions
[3.200s] [35m[1mConsolidate compiler generated dependencies of target usv_missions[0m
[3.243s] [ 50%] [32mBuilding CXX object CMakeFiles/usv_missions.dir/src/usv_missions.cpp.o[0m
[3.913s] [01m[K/home/ale/Documents/Vanttec/usv/src/vanttec_usv/usv_missions/src/usv_missions.cpp:11:10:[m[K [01;31m[Kfatal error: [m[Kgeometry_msgs/Point.hpp: No such file or directory
[3.913s]    11 | #include [01;31m[K"geometry_msgs/Point.hpp"[m[K
[3.913s]       |          [01;31m[K^~~~~~~~~~~~~~~~~~~~~~~~~[m[K
[3.914s] compilation terminated.
[3.918s] gmake[2]: *** [CMakeFiles/usv_missions.dir/build.make:76: CMakeFiles/usv_missions.dir/src/usv_missions.cpp.o] Error 1
[3.918s] gmake[1]: *** [CMakeFiles/Makefile2:137: CMakeFiles/usv_missions.dir/all] Error 2
[3.919s] gmake: *** [Makefile:146: all] Error 2
[3.922s] Invoked command in '/home/ale/Documents/Vanttec/usv/src/vanttec_usv/build/usv_missions' returned '2': CMAKE_PREFIX_PATH=${CMAKE_PREFIX_PATH}:/opt/ros/humble /usr/bin/cmake --build /home/ale/Documents/Vanttec/usv/src/vanttec_usv/build/usv_missions -- -j4 -l4
