[0.038s] Invoking command in '/home/ale/Documents/Vanttec/usv/src/vanttec_usv/build/usv_master': CMAKE_PREFIX_PATH=${CMAKE_PREFIX_PATH}:/opt/ros/humble /usr/bin/cmake --build /home/ale/Documents/Vanttec/usv/src/vanttec_usv/build/usv_master -- -j4 -l4
[0.116s] [ 50%] [32mBuilding CXX object CMakeFiles/usv_master.dir/src/usv_master.cpp.o[0m
[18.683s] [100%] [32m[1mLinking CXX executable usv_master[0m
[19.781s] [100%] Built target usv_master
[19.796s] Invoked command in '/home/ale/Documents/Vanttec/usv/src/vanttec_usv/build/usv_master' returned '0': CMAKE_PREFIX_PATH=${CMAKE_PREFIX_PATH}:/opt/ros/humble /usr/bin/cmake --build /home/ale/Documents/Vanttec/usv/src/vanttec_usv/build/usv_master -- -j4 -l4
[19.830s] Invoking command in '/home/ale/Documents/Vanttec/usv/src/vanttec_usv/build/usv_master': CMAKE_PREFIX_PATH=${CMAKE_PREFIX_PATH}:/opt/ros/humble /usr/bin/cmake --install /home/ale/Documents/Vanttec/usv/src/vanttec_usv/build/usv_master
[19.841s] -- Install configuration: ""
[19.841s] -- Up-to-date: /home/ale/Documents/Vanttec/usv/src/vanttec_usv/install/usv_master/share/usv_master//launch
[19.841s] -- Up-to-date: /home/ale/Documents/Vanttec/usv/src/vanttec_usv/install/usv_master/share/usv_master//launch/usv_master_launch.py
[19.841s] -- Installing: /home/ale/Documents/Vanttec/usv/src/vanttec_usv/install/usv_master/lib/usv_master/usv_master
[19.851s] -- Set runtime path of "/home/ale/Documents/Vanttec/usv/src/vanttec_usv/install/usv_master/lib/usv_master/usv_master" to ""
[19.851s] -- Up-to-date: /home/ale/Documents/Vanttec/usv/src/vanttec_usv/install/usv_master/share/ament_index/resource_index/package_run_dependencies/usv_master
[19.851s] -- Up-to-date: /home/ale/Documents/Vanttec/usv/src/vanttec_usv/install/usv_master/share/ament_index/resource_index/parent_prefix_path/usv_master
[19.852s] -- Up-to-date: /home/ale/Documents/Vanttec/usv/src/vanttec_usv/install/usv_master/share/usv_master/environment/ament_prefix_path.sh
[19.852s] -- Up-to-date: /home/ale/Documents/Vanttec/usv/src/vanttec_usv/install/usv_master/share/usv_master/environment/ament_prefix_path.dsv
[19.854s] -- Up-to-date: /home/ale/Documents/Vanttec/usv/src/vanttec_usv/install/usv_master/share/usv_master/environment/path.sh
[19.854s] -- Up-to-date: /home/ale/Documents/Vanttec/usv/src/vanttec_usv/install/usv_master/share/usv_master/environment/path.dsv
[19.854s] -- Up-to-date: /home/ale/Documents/Vanttec/usv/src/vanttec_usv/install/usv_master/share/usv_master/local_setup.bash
[19.854s] -- Up-to-date: /home/ale/Documents/Vanttec/usv/src/vanttec_usv/install/usv_master/share/usv_master/local_setup.sh
[19.855s] -- Up-to-date: /home/ale/Documents/Vanttec/usv/src/vanttec_usv/install/usv_master/share/usv_master/local_setup.zsh
[19.855s] -- Up-to-date: /home/ale/Documents/Vanttec/usv/src/vanttec_usv/install/usv_master/share/usv_master/local_setup.dsv
[19.855s] -- Installing: /home/ale/Documents/Vanttec/usv/src/vanttec_usv/install/usv_master/share/usv_master/package.dsv
[19.856s] -- Up-to-date: /home/ale/Documents/Vanttec/usv/src/vanttec_usv/install/usv_master/share/ament_index/resource_index/packages/usv_master
[19.856s] -- Up-to-date: /home/ale/Documents/Vanttec/usv/src/vanttec_usv/install/usv_master/share/usv_master/cmake/usv_masterConfig.cmake
[19.857s] -- Up-to-date: /home/ale/Documents/Vanttec/usv/src/vanttec_usv/install/usv_master/share/usv_master/cmake/usv_masterConfig-version.cmake
[19.857s] -- Up-to-date: /home/ale/Documents/Vanttec/usv/src/vanttec_usv/install/usv_master/share/usv_master/package.xml
[19.864s] Invoked command in '/home/ale/Documents/Vanttec/usv/src/vanttec_usv/build/usv_master' returned '0': CMAKE_PREFIX_PATH=${CMAKE_PREFIX_PATH}:/opt/ros/humble /usr/bin/cmake --install /home/ale/Documents/Vanttec/usv/src/vanttec_usv/build/usv_master
