[0.031s] Invoking command in '/home/ale/Documents/Vanttec/usv/src/vanttec_usv/build/usv_missions': CMAKE_PREFIX_PATH=${CMAKE_PREFIX_PATH}:/opt/ros/humble /usr/bin/cmake --build /home/ale/Documents/Vanttec/usv/src/vanttec_usv/build/usv_missions -- -j4 -l4
[0.092s] [35m[1mConsolidate compiler generated dependencies of target usv_missions[0m
[0.130s] [ 50%] [32mBuilding CXX object CMakeFiles/usv_missions.dir/src/usv_missions.cpp.o[0m
[14.280s] [100%] [32m[1mLinking CXX executable usv_missions[0m
[15.048s] [100%] Built target usv_missions
[15.062s] Invoked command in '/home/ale/Documents/Vanttec/usv/src/vanttec_usv/build/usv_missions' returned '0': CMAKE_PREFIX_PATH=${CMAKE_PREFIX_PATH}:/opt/ros/humble /usr/bin/cmake --build /home/ale/Documents/Vanttec/usv/src/vanttec_usv/build/usv_missions -- -j4 -l4
[15.093s] Invoking command in '/home/ale/Documents/Vanttec/usv/src/vanttec_usv/build/usv_missions': CMAKE_PREFIX_PATH=${CMAKE_PREFIX_PATH}:/opt/ros/humble /usr/bin/cmake --install /home/ale/Documents/Vanttec/usv/src/vanttec_usv/build/usv_missions
[15.103s] -- Install configuration: ""
[15.103s] -- Installing: /home/ale/Documents/Vanttec/usv/src/vanttec_usv/install/usv_missions/lib/usv_missions/usv_missions
[15.111s] -- Set runtime path of "/home/ale/Documents/Vanttec/usv/src/vanttec_usv/install/usv_missions/lib/usv_missions/usv_missions" to ""
[15.112s] -- Up-to-date: /home/ale/Documents/Vanttec/usv/src/vanttec_usv/install/usv_missions/share/ament_index/resource_index/package_run_dependencies/usv_missions
[15.113s] -- Up-to-date: /home/ale/Documents/Vanttec/usv/src/vanttec_usv/install/usv_missions/share/ament_index/resource_index/parent_prefix_path/usv_missions
[15.113s] -- Up-to-date: /home/ale/Documents/Vanttec/usv/src/vanttec_usv/install/usv_missions/share/usv_missions/environment/ament_prefix_path.sh
[15.113s] -- Up-to-date: /home/ale/Documents/Vanttec/usv/src/vanttec_usv/install/usv_missions/share/usv_missions/environment/ament_prefix_path.dsv
[15.113s] -- Up-to-date: /home/ale/Documents/Vanttec/usv/src/vanttec_usv/install/usv_missions/share/usv_missions/environment/path.sh
[15.114s] -- Up-to-date: /home/ale/Documents/Vanttec/usv/src/vanttec_usv/install/usv_missions/share/usv_missions/environment/path.dsv
[15.114s] -- Up-to-date: /home/ale/Documents/Vanttec/usv/src/vanttec_usv/install/usv_missions/share/usv_missions/local_setup.bash
[15.114s] -- Up-to-date: /home/ale/Documents/Vanttec/usv/src/vanttec_usv/install/usv_missions/share/usv_missions/local_setup.sh
[15.114s] -- Up-to-date: /home/ale/Documents/Vanttec/usv/src/vanttec_usv/install/usv_missions/share/usv_missions/local_setup.zsh
[15.114s] -- Up-to-date: /home/ale/Documents/Vanttec/usv/src/vanttec_usv/install/usv_missions/share/usv_missions/local_setup.dsv
[15.115s] -- Installing: /home/ale/Documents/Vanttec/usv/src/vanttec_usv/install/usv_missions/share/usv_missions/package.dsv
[15.115s] -- Up-to-date: /home/ale/Documents/Vanttec/usv/src/vanttec_usv/install/usv_missions/share/ament_index/resource_index/packages/usv_missions
[15.115s] -- Up-to-date: /home/ale/Documents/Vanttec/usv/src/vanttec_usv/install/usv_missions/share/usv_missions/cmake/usv_missionsConfig.cmake
[15.115s] -- Up-to-date: /home/ale/Documents/Vanttec/usv/src/vanttec_usv/install/usv_missions/share/usv_missions/cmake/usv_missionsConfig-version.cmake
[15.116s] -- Up-to-date: /home/ale/Documents/Vanttec/usv/src/vanttec_usv/install/usv_missions/share/usv_missions/package.xml
[15.120s] Invoked command in '/home/ale/Documents/Vanttec/usv/src/vanttec_usv/build/usv_missions' returned '0': CMAKE_PREFIX_PATH=${CMAKE_PREFIX_PATH}:/opt/ros/humble /usr/bin/cmake --install /home/ale/Documents/Vanttec/usv/src/vanttec_usv/build/usv_missions
