[0.043s] Invoking command in '/home/ale/Documents/Vanttec/usv/src/vanttec_usv/build/usv_master': CMAKE_PREFIX_PATH=${CMAKE_PREFIX_PATH}:/opt/ros/humble /usr/bin/cmake --build /home/ale/Documents/Vanttec/usv/src/vanttec_usv/build/usv_master -- -j4 -l4
[0.124s] [ 50%] [32mBuilding CXX object CMakeFiles/usv_master.dir/src/usv_master.cpp.o[0m
[21.652s] [100%] [32m[1mLinking CXX executable usv_master[0m
[22.627s] [100%] Built target usv_master
[22.643s] Invoked command in '/home/ale/Documents/Vanttec/usv/src/vanttec_usv/build/usv_master' returned '0': CMAKE_PREFIX_PATH=${CMAKE_PREFIX_PATH}:/opt/ros/humble /usr/bin/cmake --build /home/ale/Documents/Vanttec/usv/src/vanttec_usv/build/usv_master -- -j4 -l4
[22.680s] Invoking command in '/home/ale/Documents/Vanttec/usv/src/vanttec_usv/build/usv_master': CMAKE_PREFIX_PATH=${CMAKE_PREFIX_PATH}:/opt/ros/humble /usr/bin/cmake --install /home/ale/Documents/Vanttec/usv/src/vanttec_usv/build/usv_master
[22.689s] -- Install configuration: ""
[22.689s] -- Up-to-date: /home/ale/Documents/Vanttec/usv/src/vanttec_usv/install/usv_master/share/usv_master//launch
[22.690s] -- Up-to-date: /home/ale/Documents/Vanttec/usv/src/vanttec_usv/install/usv_master/share/usv_master//launch/usv_master_launch.py
[22.690s] -- Installing: /home/ale/Documents/Vanttec/usv/src/vanttec_usv/install/usv_master/lib/usv_master/usv_master
[22.700s] -- Set runtime path of "/home/ale/Documents/Vanttec/usv/src/vanttec_usv/install/usv_master/lib/usv_master/usv_master" to ""
[22.700s] -- Up-to-date: /home/ale/Documents/Vanttec/usv/src/vanttec_usv/install/usv_master/share/ament_index/resource_index/package_run_dependencies/usv_master
[22.701s] -- Up-to-date: /home/ale/Documents/Vanttec/usv/src/vanttec_usv/install/usv_master/share/ament_index/resource_index/parent_prefix_path/usv_master
[22.701s] -- Up-to-date: /home/ale/Documents/Vanttec/usv/src/vanttec_usv/install/usv_master/share/usv_master/environment/ament_prefix_path.sh
[22.701s] -- Up-to-date: /home/ale/Documents/Vanttec/usv/src/vanttec_usv/install/usv_master/share/usv_master/environment/ament_prefix_path.dsv
[22.701s] -- Up-to-date: /home/ale/Documents/Vanttec/usv/src/vanttec_usv/install/usv_master/share/usv_master/environment/path.sh
[22.702s] -- Up-to-date: /home/ale/Documents/Vanttec/usv/src/vanttec_usv/install/usv_master/share/usv_master/environment/path.dsv
[22.702s] -- Up-to-date: /home/ale/Documents/Vanttec/usv/src/vanttec_usv/install/usv_master/share/usv_master/local_setup.bash
[22.702s] -- Up-to-date: /home/ale/Documents/Vanttec/usv/src/vanttec_usv/install/usv_master/share/usv_master/local_setup.sh
[22.702s] -- Up-to-date: /home/ale/Documents/Vanttec/usv/src/vanttec_usv/install/usv_master/share/usv_master/local_setup.zsh
[22.702s] -- Up-to-date: /home/ale/Documents/Vanttec/usv/src/vanttec_usv/install/usv_master/share/usv_master/local_setup.dsv
[22.703s] -- Installing: /home/ale/Documents/Vanttec/usv/src/vanttec_usv/install/usv_master/share/usv_master/package.dsv
[22.703s] -- Up-to-date: /home/ale/Documents/Vanttec/usv/src/vanttec_usv/install/usv_master/share/ament_index/resource_index/packages/usv_master
[22.703s] -- Up-to-date: /home/ale/Documents/Vanttec/usv/src/vanttec_usv/install/usv_master/share/usv_master/cmake/usv_masterConfig.cmake
[22.704s] -- Up-to-date: /home/ale/Documents/Vanttec/usv/src/vanttec_usv/install/usv_master/share/usv_master/cmake/usv_masterConfig-version.cmake
[22.704s] -- Up-to-date: /home/ale/Documents/Vanttec/usv/src/vanttec_usv/install/usv_master/share/usv_master/package.xml
[22.710s] Invoked command in '/home/ale/Documents/Vanttec/usv/src/vanttec_usv/build/usv_master' returned '0': CMAKE_PREFIX_PATH=${CMAKE_PREFIX_PATH}:/opt/ros/humble /usr/bin/cmake --install /home/ale/Documents/Vanttec/usv/src/vanttec_usv/build/usv_master
