[0.023s] Invoking command in '/home/ale/Documents/Vanttec/usv/src/vanttec_usv/build/usv_missions': CMAKE_PREFIX_PATH=${CMAKE_PREFIX_PATH}:/opt/ros/humble /usr/bin/cmake /home/ale/Documents/Vanttec/usv/src/vanttec_usv/usv_missions -DCMAKE_INSTALL_PREFIX=/home/ale/Documents/Vanttec/usv/src/vanttec_usv/install/usv_missions
[0.867s] -- The C compiler identification is GNU 11.3.0
[1.026s] -- The CXX compiler identification is GNU 11.3.0
[1.049s] -- Detecting C compiler ABI info
[1.289s] -- Detecting C compiler ABI info - done
[1.315s] -- Check for working C compiler: /usr/bin/cc - skipped
[1.339s] -- Detecting C compile features
[1.345s] -- Detecting C compile features - done
[1.373s] -- Detecting CXX compiler ABI info
[1.587s] -- Detecting CXX compiler ABI info - done
[1.631s] -- Check for working CXX compiler: /usr/bin/c++ - skipped
[1.632s] -- Detecting CXX compile features
[1.632s] -- Detecting CXX compile features - done
[1.683s] -- Found ament_cmake: 1.3.4 (/opt/ros/humble/share/ament_cmake/cmake)
[2.181s] -- Found Python3: /usr/bin/python3.10 (found version "3.10.6") found components: Interpreter 
[2.408s] -- Found rclcpp: 16.0.4 (/opt/ros/humble/share/rclcpp/cmake)
[2.537s] -- Found rosidl_generator_c: 3.1.4 (/opt/ros/humble/share/rosidl_generator_c/cmake)
[2.550s] -- Found rosidl_adapter: 3.1.4 (/opt/ros/humble/share/rosidl_adapter/cmake)
[2.565s] -- Found rosidl_generator_cpp: 3.1.4 (/opt/ros/humble/share/rosidl_generator_cpp/cmake)
[2.593s] -- Using all available rosidl_typesupport_c: rosidl_typesupport_fastrtps_c;rosidl_typesupport_introspection_c
[2.636s] -- Using all available rosidl_typesupport_cpp: rosidl_typesupport_fastrtps_cpp;rosidl_typesupport_introspection_cpp
[2.801s] -- Found rmw_implementation_cmake: 6.1.1 (/opt/ros/humble/share/rmw_implementation_cmake/cmake)
[2.804s] -- Found rmw_fastrtps_cpp: 6.2.2 (/opt/ros/humble/share/rmw_fastrtps_cpp/cmake)
[3.103s] -- Found OpenSSL: /usr/lib/x86_64-linux-gnu/libcrypto.so (found version "3.0.2")  
[3.152s] -- Found FastRTPS: /opt/ros/humble/include  
[3.222s] -- Using RMW implementation 'rmw_fastrtps_cpp' as default
[3.258s] -- Looking for pthread.h
[3.447s] -- Looking for pthread.h - found
[3.447s] -- Performing Test CMAKE_HAVE_LIBC_PTHREAD
[3.591s] -- Performing Test CMAKE_HAVE_LIBC_PTHREAD - Success
[3.593s] -- Found Threads: TRUE  
[3.917s] [31mCMake Error at CMakeLists.txt:19 (install):
[3.917s]   install TARGETS given target "usv_misisons" which does not exist.
[3.918s] 
[3.918s] [0m
[3.919s] -- Found ament_lint_auto: 0.12.6 (/opt/ros/humble/share/ament_lint_auto/cmake)
[4.057s] -- Added test 'cppcheck' to perform static code analysis on C / C++ code
[4.059s] -- Configured cppcheck include dirs: 
[4.059s] -- Configured cppcheck exclude dirs and/or files: 
[4.060s] -- Added test 'lint_cmake' to check CMake code style
[4.062s] -- Added test 'uncrustify' to check C / C++ code style
[4.062s] -- Configured uncrustify additional arguments: 
[4.063s] -- Added test 'xmllint' to check XML markup files
[4.066s] -- Configuring incomplete, errors occurred!
[4.067s] See also "/home/ale/Documents/Vanttec/usv/src/vanttec_usv/build/usv_missions/CMakeFiles/CMakeOutput.log".
[4.086s] Invoked command in '/home/ale/Documents/Vanttec/usv/src/vanttec_usv/build/usv_missions' returned '1': CMAKE_PREFIX_PATH=${CMAKE_PREFIX_PATH}:/opt/ros/humble /usr/bin/cmake /home/ale/Documents/Vanttec/usv/src/vanttec_usv/usv_missions -DCMAKE_INSTALL_PREFIX=/home/ale/Documents/Vanttec/usv/src/vanttec_usv/install/usv_missions
