[0.505s] DEBUG:colcon:Command line arguments: ['/usr/bin/colcon', 'build']
[0.505s] DEBUG:colcon:Parsed command line arguments: Namespace(log_base=None, log_level=None, verb_name='build', build_base='build', install_base='install', merge_install=False, symlink_install=False, test_result_base=None, continue_on_error=False, executor='parallel', parallel_workers=4, event_handlers=None, ignore_user_meta=False, metas=['./colcon.meta'], base_paths=['.'], packages_ignore=None, packages_ignore_regex=None, paths=None, packages_up_to=None, packages_up_to_regex=None, packages_above=None, packages_above_and_dependencies=None, packages_above_depth=None, packages_select_by_dep=None, packages_skip_by_dep=None, packages_skip_up_to=None, packages_select_build_failed=False, packages_skip_build_finished=False, packages_select_test_failures=False, packages_skip_test_passed=False, packages_select=None, packages_skip=None, packages_select_regex=None, packages_skip_regex=None, packages_start=None, packages_end=None, allow_overriding=[], cmake_args=None, cmake_target=None, cmake_target_skip_unavailable=False, cmake_clean_cache=False, cmake_clean_first=False, cmake_force_configure=False, ament_cmake_args=None, catkin_cmake_args=None, catkin_skip_building_tests=False, verb_parser=<colcon_defaults.argument_parser.defaults.DefaultArgumentsDecorator object at 0x7f80282b1a50>, verb_extension=<colcon_core.verb.build.BuildVerb object at 0x7f8028aba9b0>, main=<bound method BuildVerb.main of <colcon_core.verb.build.BuildVerb object at 0x7f8028aba9b0>>)
[0.556s] Level 1:colcon.colcon_core.package_discovery:discover_packages(colcon_meta) check parameters
[0.557s] Level 1:colcon.colcon_core.package_discovery:discover_packages(recursive) check parameters
[0.557s] Level 1:colcon.colcon_core.package_discovery:discover_packages(ignore) check parameters
[0.557s] Level 1:colcon.colcon_core.package_discovery:discover_packages(path) check parameters
[0.557s] Level 1:colcon.colcon_core.package_discovery:discover_packages(colcon_meta) discover
[0.557s] Level 1:colcon.colcon_core.package_discovery:discover_packages(recursive) discover
[0.557s] INFO:colcon.colcon_core.package_discovery:Crawling recursively for packages in '/home/ale/Documents/Vanttec/usv/src/vanttec_usv'
[0.557s] Level 1:colcon.colcon_core.package_identification:_identify(.) by extensions ['ignore', 'ignore_ament_install']
[0.558s] Level 1:colcon.colcon_core.package_identification:_identify(.) by extension 'ignore'
[0.558s] Level 1:colcon.colcon_core.package_identification:_identify(.) by extension 'ignore_ament_install'
[0.558s] Level 1:colcon.colcon_core.package_identification:_identify(.) by extensions ['colcon_pkg']
[0.558s] Level 1:colcon.colcon_core.package_identification:_identify(.) by extension 'colcon_pkg'
[0.558s] Level 1:colcon.colcon_core.package_identification:_identify(.) by extensions ['colcon_meta']
[0.558s] Level 1:colcon.colcon_core.package_identification:_identify(.) by extension 'colcon_meta'
[0.558s] Level 1:colcon.colcon_core.package_identification:_identify(.) by extensions ['ros']
[0.558s] Level 1:colcon.colcon_core.package_identification:_identify(.) by extension 'ros'
[0.577s] Level 1:colcon.colcon_core.package_identification:_identify(.) by extensions ['cmake', 'python']
[0.578s] Level 1:colcon.colcon_core.package_identification:_identify(.) by extension 'cmake'
[0.578s] Level 1:colcon.colcon_core.package_identification:_identify(.) by extension 'python'
[0.578s] Level 1:colcon.colcon_core.package_identification:_identify(.) by extensions ['python_setup_py']
[0.578s] Level 1:colcon.colcon_core.package_identification:_identify(.) by extension 'python_setup_py'
[0.578s] Level 1:colcon.colcon_core.package_identification:_identify(build) by extensions ['ignore', 'ignore_ament_install']
[0.578s] Level 1:colcon.colcon_core.package_identification:_identify(build) by extension 'ignore'
[0.578s] Level 1:colcon.colcon_core.package_identification:_identify(build) ignored
[0.579s] Level 1:colcon.colcon_core.package_identification:_identify(docs) by extensions ['ignore', 'ignore_ament_install']
[0.579s] Level 1:colcon.colcon_core.package_identification:_identify(docs) by extension 'ignore'
[0.579s] Level 1:colcon.colcon_core.package_identification:_identify(docs) by extension 'ignore_ament_install'
[0.579s] Level 1:colcon.colcon_core.package_identification:_identify(docs) by extensions ['colcon_pkg']
[0.579s] Level 1:colcon.colcon_core.package_identification:_identify(docs) by extension 'colcon_pkg'
[0.579s] Level 1:colcon.colcon_core.package_identification:_identify(docs) by extensions ['colcon_meta']
[0.579s] Level 1:colcon.colcon_core.package_identification:_identify(docs) by extension 'colcon_meta'
[0.580s] Level 1:colcon.colcon_core.package_identification:_identify(docs) by extensions ['ros']
[0.580s] Level 1:colcon.colcon_core.package_identification:_identify(docs) by extension 'ros'
[0.580s] Level 1:colcon.colcon_core.package_identification:_identify(docs) by extensions ['cmake', 'python']
[0.580s] Level 1:colcon.colcon_core.package_identification:_identify(docs) by extension 'cmake'
[0.580s] Level 1:colcon.colcon_core.package_identification:_identify(docs) by extension 'python'
[0.580s] Level 1:colcon.colcon_core.package_identification:_identify(docs) by extensions ['python_setup_py']
[0.580s] Level 1:colcon.colcon_core.package_identification:_identify(docs) by extension 'python_setup_py'
[0.581s] Level 1:colcon.colcon_core.package_identification:_identify(install) by extensions ['ignore', 'ignore_ament_install']
[0.581s] Level 1:colcon.colcon_core.package_identification:_identify(install) by extension 'ignore'
[0.581s] Level 1:colcon.colcon_core.package_identification:_identify(install) ignored
[0.581s] Level 1:colcon.colcon_core.package_identification:_identify(log) by extensions ['ignore', 'ignore_ament_install']
[0.581s] Level 1:colcon.colcon_core.package_identification:_identify(log) by extension 'ignore'
[0.581s] Level 1:colcon.colcon_core.package_identification:_identify(log) ignored
[0.582s] Level 1:colcon.colcon_core.package_identification:_identify(usv_master) by extensions ['ignore', 'ignore_ament_install']
[0.582s] Level 1:colcon.colcon_core.package_identification:_identify(usv_master) by extension 'ignore'
[0.582s] Level 1:colcon.colcon_core.package_identification:_identify(usv_master) by extension 'ignore_ament_install'
[0.582s] Level 1:colcon.colcon_core.package_identification:_identify(usv_master) by extensions ['colcon_pkg']
[0.582s] Level 1:colcon.colcon_core.package_identification:_identify(usv_master) by extension 'colcon_pkg'
[0.582s] Level 1:colcon.colcon_core.package_identification:_identify(usv_master) by extensions ['colcon_meta']
[0.582s] Level 1:colcon.colcon_core.package_identification:_identify(usv_master) by extension 'colcon_meta'
[0.582s] Level 1:colcon.colcon_core.package_identification:_identify(usv_master) by extensions ['ros']
[0.582s] Level 1:colcon.colcon_core.package_identification:_identify(usv_master) by extension 'ros'
[0.587s] DEBUG:colcon.colcon_core.package_identification:Package 'usv_master' with type 'ros.ament_cmake' and name 'usv_master'
[0.588s] Level 1:colcon.colcon_core.package_identification:_identify(usv_missions) by extensions ['ignore', 'ignore_ament_install']
[0.588s] Level 1:colcon.colcon_core.package_identification:_identify(usv_missions) by extension 'ignore'
[0.588s] Level 1:colcon.colcon_core.package_identification:_identify(usv_missions) by extension 'ignore_ament_install'
[0.588s] Level 1:colcon.colcon_core.package_identification:_identify(usv_missions) by extensions ['colcon_pkg']
[0.588s] Level 1:colcon.colcon_core.package_identification:_identify(usv_missions) by extension 'colcon_pkg'
[0.588s] Level 1:colcon.colcon_core.package_identification:_identify(usv_missions) by extensions ['colcon_meta']
[0.588s] Level 1:colcon.colcon_core.package_identification:_identify(usv_missions) by extension 'colcon_meta'
[0.589s] Level 1:colcon.colcon_core.package_identification:_identify(usv_missions) by extensions ['ros']
[0.589s] Level 1:colcon.colcon_core.package_identification:_identify(usv_missions) by extension 'ros'
[0.590s] DEBUG:colcon.colcon_core.package_identification:Package 'usv_missions' with type 'ros.ament_cmake' and name 'usv_missions'
[0.590s] Level 1:colcon.colcon_core.package_discovery:discover_packages(recursive) using defaults
[0.590s] Level 1:colcon.colcon_core.package_discovery:discover_packages(ignore) discover
[0.590s] Level 1:colcon.colcon_core.package_discovery:discover_packages(ignore) using defaults
[0.590s] Level 1:colcon.colcon_core.package_discovery:discover_packages(path) discover
[0.590s] Level 1:colcon.colcon_core.package_discovery:discover_packages(path) using defaults
[0.632s] Level 1:colcon.colcon_core.package_discovery:discover_packages(prefix_path) check parameters
[0.632s] Level 1:colcon.colcon_core.package_discovery:discover_packages(prefix_path) discover
[0.636s] DEBUG:colcon.colcon_installed_package_information.package_discovery:Found 1 installed packages in /home/ale/Documents/Vanttec/usv/install
[0.639s] DEBUG:colcon.colcon_installed_package_information.package_discovery:Found 270 installed packages in /opt/ros/humble
[0.641s] Level 1:colcon.colcon_core.package_discovery:discover_packages(prefix_path) using defaults
[0.734s] Level 5:colcon.colcon_core.verb:set package 'usv_master' build argument 'cmake_args' from command line to 'None'
[0.734s] Level 5:colcon.colcon_core.verb:set package 'usv_master' build argument 'cmake_target' from command line to 'None'
[0.735s] Level 5:colcon.colcon_core.verb:set package 'usv_master' build argument 'cmake_target_skip_unavailable' from command line to 'False'
[0.735s] Level 5:colcon.colcon_core.verb:set package 'usv_master' build argument 'cmake_clean_cache' from command line to 'False'
[0.735s] Level 5:colcon.colcon_core.verb:set package 'usv_master' build argument 'cmake_clean_first' from command line to 'False'
[0.735s] Level 5:colcon.colcon_core.verb:set package 'usv_master' build argument 'cmake_force_configure' from command line to 'False'
[0.735s] Level 5:colcon.colcon_core.verb:set package 'usv_master' build argument 'ament_cmake_args' from command line to 'None'
[0.735s] Level 5:colcon.colcon_core.verb:set package 'usv_master' build argument 'catkin_cmake_args' from command line to 'None'
[0.735s] Level 5:colcon.colcon_core.verb:set package 'usv_master' build argument 'catkin_skip_building_tests' from command line to 'False'
[0.735s] DEBUG:colcon.colcon_core.verb:Building package 'usv_master' with the following arguments: {'ament_cmake_args': None, 'build_base': '/home/ale/Documents/Vanttec/usv/src/vanttec_usv/build/usv_master', 'catkin_cmake_args': None, 'catkin_skip_building_tests': False, 'cmake_args': None, 'cmake_clean_cache': False, 'cmake_clean_first': False, 'cmake_force_configure': False, 'cmake_target': None, 'cmake_target_skip_unavailable': False, 'install_base': '/home/ale/Documents/Vanttec/usv/src/vanttec_usv/install/usv_master', 'merge_install': False, 'path': '/home/ale/Documents/Vanttec/usv/src/vanttec_usv/usv_master', 'symlink_install': False, 'test_result_base': None}
[0.737s] Level 5:colcon.colcon_core.verb:set package 'usv_missions' build argument 'cmake_args' from command line to 'None'
[0.737s] Level 5:colcon.colcon_core.verb:set package 'usv_missions' build argument 'cmake_target' from command line to 'None'
[0.737s] Level 5:colcon.colcon_core.verb:set package 'usv_missions' build argument 'cmake_target_skip_unavailable' from command line to 'False'
[0.737s] Level 5:colcon.colcon_core.verb:set package 'usv_missions' build argument 'cmake_clean_cache' from command line to 'False'
[0.737s] Level 5:colcon.colcon_core.verb:set package 'usv_missions' build argument 'cmake_clean_first' from command line to 'False'
[0.737s] Level 5:colcon.colcon_core.verb:set package 'usv_missions' build argument 'cmake_force_configure' from command line to 'False'
[0.737s] Level 5:colcon.colcon_core.verb:set package 'usv_missions' build argument 'ament_cmake_args' from command line to 'None'
[0.737s] Level 5:colcon.colcon_core.verb:set package 'usv_missions' build argument 'catkin_cmake_args' from command line to 'None'
[0.737s] Level 5:colcon.colcon_core.verb:set package 'usv_missions' build argument 'catkin_skip_building_tests' from command line to 'False'
[0.737s] DEBUG:colcon.colcon_core.verb:Building package 'usv_missions' with the following arguments: {'ament_cmake_args': None, 'build_base': '/home/ale/Documents/Vanttec/usv/src/vanttec_usv/build/usv_missions', 'catkin_cmake_args': None, 'catkin_skip_building_tests': False, 'cmake_args': None, 'cmake_clean_cache': False, 'cmake_clean_first': False, 'cmake_force_configure': False, 'cmake_target': None, 'cmake_target_skip_unavailable': False, 'install_base': '/home/ale/Documents/Vanttec/usv/src/vanttec_usv/install/usv_missions', 'merge_install': False, 'path': '/home/ale/Documents/Vanttec/usv/src/vanttec_usv/usv_missions', 'symlink_install': False, 'test_result_base': None}
[0.739s] INFO:colcon.colcon_core.executor:Executing jobs using 'parallel' executor
[0.744s] DEBUG:colcon.colcon_parallel_executor.executor.parallel:run_until_complete
[0.745s] INFO:colcon.colcon_ros.task.ament_cmake.build:Building ROS package in '/home/ale/Documents/Vanttec/usv/src/vanttec_usv/usv_master' with build type 'ament_cmake'
[0.745s] INFO:colcon.colcon_cmake.task.cmake.build:Building CMake package in '/home/ale/Documents/Vanttec/usv/src/vanttec_usv/usv_master'
[0.752s] INFO:colcon.colcon_core.plugin_system:Skipping extension 'colcon_core.shell.bat': Not used on non-Windows systems
[0.752s] INFO:colcon.colcon_core.shell:Skip shell extension 'powershell' for command environment: Not usable outside of PowerShell
[0.752s] DEBUG:colcon.colcon_core.shell:Skip shell extension 'dsv' for command environment
[0.759s] INFO:colcon.colcon_ros.task.ament_cmake.build:Building ROS package in '/home/ale/Documents/Vanttec/usv/src/vanttec_usv/usv_missions' with build type 'ament_cmake'
[0.759s] INFO:colcon.colcon_cmake.task.cmake.build:Building CMake package in '/home/ale/Documents/Vanttec/usv/src/vanttec_usv/usv_missions'
[0.762s] INFO:colcon.colcon_core.shell:Skip shell extension 'powershell' for command environment: Not usable outside of PowerShell
[0.762s] DEBUG:colcon.colcon_core.shell:Skip shell extension 'dsv' for command environment
[0.776s] DEBUG:colcon.colcon_core.event_handler.log_command:Invoking command in '/home/ale/Documents/Vanttec/usv/src/vanttec_usv/build/usv_master': CMAKE_PREFIX_PATH=${CMAKE_PREFIX_PATH}:/opt/ros/humble /usr/bin/cmake --build /home/ale/Documents/Vanttec/usv/src/vanttec_usv/build/usv_master -- -j4 -l4
[0.787s] DEBUG:colcon.colcon_core.event_handler.log_command:Invoking command in '/home/ale/Documents/Vanttec/usv/src/vanttec_usv/build/usv_missions': CMAKE_PREFIX_PATH=${CMAKE_PREFIX_PATH}:/opt/ros/humble /usr/bin/cmake --build /home/ale/Documents/Vanttec/usv/src/vanttec_usv/build/usv_missions -- -j4 -l4
[0.883s] DEBUG:colcon.colcon_core.event_handler.log_command:Invoked command in '/home/ale/Documents/Vanttec/usv/src/vanttec_usv/build/usv_master' returned '0': CMAKE_PREFIX_PATH=${CMAKE_PREFIX_PATH}:/opt/ros/humble /usr/bin/cmake --build /home/ale/Documents/Vanttec/usv/src/vanttec_usv/build/usv_master -- -j4 -l4
[0.925s] DEBUG:colcon.colcon_core.event_handler.log_command:Invoking command in '/home/ale/Documents/Vanttec/usv/src/vanttec_usv/build/usv_master': CMAKE_PREFIX_PATH=${CMAKE_PREFIX_PATH}:/opt/ros/humble /usr/bin/cmake --install /home/ale/Documents/Vanttec/usv/src/vanttec_usv/build/usv_master
[0.943s] Level 1:colcon.colcon_core.environment:create_environment_scripts_only(usv_master)
[0.945s] DEBUG:colcon.colcon_core.event_handler.log_command:Invoked command in '/home/ale/Documents/Vanttec/usv/src/vanttec_usv/build/usv_master' returned '0': CMAKE_PREFIX_PATH=${CMAKE_PREFIX_PATH}:/opt/ros/humble /usr/bin/cmake --install /home/ale/Documents/Vanttec/usv/src/vanttec_usv/build/usv_master
[0.954s] Level 1:colcon.colcon_core.environment:checking '/home/ale/Documents/Vanttec/usv/src/vanttec_usv/install/usv_master' for CMake module files
[0.955s] Level 1:colcon.colcon_core.environment:checking '/home/ale/Documents/Vanttec/usv/src/vanttec_usv/install/usv_master' for CMake config files
[0.956s] Level 1:colcon.colcon_core.shell:create_environment_hook('usv_master', 'cmake_prefix_path')
[0.959s] INFO:colcon.colcon_core.shell:Creating environment hook '/home/ale/Documents/Vanttec/usv/src/vanttec_usv/install/usv_master/share/usv_master/hook/cmake_prefix_path.ps1'
[0.960s] INFO:colcon.colcon_core.shell:Creating environment descriptor '/home/ale/Documents/Vanttec/usv/src/vanttec_usv/install/usv_master/share/usv_master/hook/cmake_prefix_path.dsv'
[0.961s] INFO:colcon.colcon_core.shell:Creating environment hook '/home/ale/Documents/Vanttec/usv/src/vanttec_usv/install/usv_master/share/usv_master/hook/cmake_prefix_path.sh'
[0.962s] Level 1:colcon.colcon_core.environment:checking '/home/ale/Documents/Vanttec/usv/src/vanttec_usv/install/usv_master/lib'
[0.962s] Level 1:colcon.colcon_core.environment:checking '/home/ale/Documents/Vanttec/usv/src/vanttec_usv/install/usv_master/bin'
[0.963s] Level 1:colcon.colcon_core.environment:checking '/home/ale/Documents/Vanttec/usv/src/vanttec_usv/install/usv_master/lib/pkgconfig/usv_master.pc'
[0.963s] Level 1:colcon.colcon_core.environment:checking '/home/ale/Documents/Vanttec/usv/src/vanttec_usv/install/usv_master/lib/python3.10/site-packages'
[0.963s] Level 1:colcon.colcon_core.environment:checking '/home/ale/Documents/Vanttec/usv/src/vanttec_usv/install/usv_master/bin'
[0.966s] INFO:colcon.colcon_core.shell:Creating package script '/home/ale/Documents/Vanttec/usv/src/vanttec_usv/install/usv_master/share/usv_master/package.ps1'
[0.967s] INFO:colcon.colcon_core.shell:Creating package descriptor '/home/ale/Documents/Vanttec/usv/src/vanttec_usv/install/usv_master/share/usv_master/package.dsv'
[0.968s] INFO:colcon.colcon_core.shell:Creating package script '/home/ale/Documents/Vanttec/usv/src/vanttec_usv/install/usv_master/share/usv_master/package.sh'
[0.969s] INFO:colcon.colcon_core.shell:Creating package script '/home/ale/Documents/Vanttec/usv/src/vanttec_usv/install/usv_master/share/usv_master/package.bash'
[0.970s] INFO:colcon.colcon_core.shell:Creating package script '/home/ale/Documents/Vanttec/usv/src/vanttec_usv/install/usv_master/share/usv_master/package.zsh'
[0.971s] Level 1:colcon.colcon_core.environment:create_file_with_runtime_dependencies(/home/ale/Documents/Vanttec/usv/src/vanttec_usv/install/usv_master/share/colcon-core/packages/usv_master)
[1.004s] Level 1:colcon.colcon_core.environment:create_environment_scripts_only(usv_master)
[1.007s] Level 1:colcon.colcon_core.environment:checking '/home/ale/Documents/Vanttec/usv/src/vanttec_usv/install/usv_master' for CMake module files
[1.009s] Level 1:colcon.colcon_core.environment:checking '/home/ale/Documents/Vanttec/usv/src/vanttec_usv/install/usv_master' for CMake config files
[1.010s] Level 1:colcon.colcon_core.shell:create_environment_hook('usv_master', 'cmake_prefix_path')
[1.012s] INFO:colcon.colcon_core.shell:Creating environment hook '/home/ale/Documents/Vanttec/usv/src/vanttec_usv/install/usv_master/share/usv_master/hook/cmake_prefix_path.ps1'
[1.013s] INFO:colcon.colcon_core.shell:Creating environment descriptor '/home/ale/Documents/Vanttec/usv/src/vanttec_usv/install/usv_master/share/usv_master/hook/cmake_prefix_path.dsv'
[1.014s] INFO:colcon.colcon_core.shell:Creating environment hook '/home/ale/Documents/Vanttec/usv/src/vanttec_usv/install/usv_master/share/usv_master/hook/cmake_prefix_path.sh'
[1.015s] Level 1:colcon.colcon_core.environment:checking '/home/ale/Documents/Vanttec/usv/src/vanttec_usv/install/usv_master/lib'
[1.015s] Level 1:colcon.colcon_core.environment:checking '/home/ale/Documents/Vanttec/usv/src/vanttec_usv/install/usv_master/bin'
[1.015s] Level 1:colcon.colcon_core.environment:checking '/home/ale/Documents/Vanttec/usv/src/vanttec_usv/install/usv_master/lib/pkgconfig/usv_master.pc'
[1.015s] Level 1:colcon.colcon_core.environment:checking '/home/ale/Documents/Vanttec/usv/src/vanttec_usv/install/usv_master/lib/python3.10/site-packages'
[1.016s] Level 1:colcon.colcon_core.environment:checking '/home/ale/Documents/Vanttec/usv/src/vanttec_usv/install/usv_master/bin'
[1.018s] INFO:colcon.colcon_core.shell:Creating package script '/home/ale/Documents/Vanttec/usv/src/vanttec_usv/install/usv_master/share/usv_master/package.ps1'
[1.019s] INFO:colcon.colcon_core.shell:Creating package descriptor '/home/ale/Documents/Vanttec/usv/src/vanttec_usv/install/usv_master/share/usv_master/package.dsv'
[1.020s] INFO:colcon.colcon_core.shell:Creating package script '/home/ale/Documents/Vanttec/usv/src/vanttec_usv/install/usv_master/share/usv_master/package.sh'
[1.021s] INFO:colcon.colcon_core.shell:Creating package script '/home/ale/Documents/Vanttec/usv/src/vanttec_usv/install/usv_master/share/usv_master/package.bash'
[1.021s] INFO:colcon.colcon_core.shell:Creating package script '/home/ale/Documents/Vanttec/usv/src/vanttec_usv/install/usv_master/share/usv_master/package.zsh'
[1.022s] Level 1:colcon.colcon_core.environment:create_file_with_runtime_dependencies(/home/ale/Documents/Vanttec/usv/src/vanttec_usv/install/usv_master/share/colcon-core/packages/usv_master)
[9.137s] DEBUG:colcon.colcon_core.event_handler.log_command:Invoked command in '/home/ale/Documents/Vanttec/usv/src/vanttec_usv/build/usv_missions' returned '2': CMAKE_PREFIX_PATH=${CMAKE_PREFIX_PATH}:/opt/ros/humble /usr/bin/cmake --build /home/ale/Documents/Vanttec/usv/src/vanttec_usv/build/usv_missions -- -j4 -l4
[9.169s] Level 1:colcon.colcon_core.environment:create_environment_scripts_only(usv_missions)
[9.172s] Level 1:colcon.colcon_core.environment:checking '/home/ale/Documents/Vanttec/usv/src/vanttec_usv/install/usv_missions' for CMake module files
[9.172s] Level 1:colcon.colcon_core.environment:checking '/home/ale/Documents/Vanttec/usv/src/vanttec_usv/install/usv_missions' for CMake config files
[9.173s] Level 1:colcon.colcon_core.environment:checking '/home/ale/Documents/Vanttec/usv/src/vanttec_usv/install/usv_missions/bin'
[9.173s] Level 1:colcon.colcon_core.environment:checking '/home/ale/Documents/Vanttec/usv/src/vanttec_usv/install/usv_missions/lib/pkgconfig/usv_missions.pc'
[9.173s] Level 1:colcon.colcon_core.environment:checking '/home/ale/Documents/Vanttec/usv/src/vanttec_usv/install/usv_missions/lib/python3.10/site-packages'
[9.174s] Level 1:colcon.colcon_core.environment:checking '/home/ale/Documents/Vanttec/usv/src/vanttec_usv/install/usv_missions/bin'
[9.176s] INFO:colcon.colcon_core.shell:Creating package script '/home/ale/Documents/Vanttec/usv/src/vanttec_usv/install/usv_missions/share/usv_missions/package.ps1'
[9.177s] INFO:colcon.colcon_core.shell:Creating package descriptor '/home/ale/Documents/Vanttec/usv/src/vanttec_usv/install/usv_missions/share/usv_missions/package.dsv'
[9.178s] INFO:colcon.colcon_core.shell:Creating package script '/home/ale/Documents/Vanttec/usv/src/vanttec_usv/install/usv_missions/share/usv_missions/package.sh'
[9.178s] INFO:colcon.colcon_core.shell:Creating package script '/home/ale/Documents/Vanttec/usv/src/vanttec_usv/install/usv_missions/share/usv_missions/package.bash'
[9.179s] INFO:colcon.colcon_core.shell:Creating package script '/home/ale/Documents/Vanttec/usv/src/vanttec_usv/install/usv_missions/share/usv_missions/package.zsh'
[9.179s] Level 1:colcon.colcon_core.environment:create_file_with_runtime_dependencies(/home/ale/Documents/Vanttec/usv/src/vanttec_usv/install/usv_missions/share/colcon-core/packages/usv_missions)
[9.190s] DEBUG:colcon.colcon_parallel_executor.executor.parallel:closing loop
[9.190s] DEBUG:colcon.colcon_parallel_executor.executor.parallel:loop closed
[9.190s] DEBUG:colcon.colcon_parallel_executor.executor.parallel:run_until_complete finished with '2'
[9.191s] DEBUG:colcon.colcon_core.event_reactor:joining thread
[9.198s] INFO:colcon.colcon_core.plugin_system:Skipping extension 'colcon_notification.desktop_notification.terminal_notifier': Not used on non-Darwin systems
[9.198s] INFO:colcon.colcon_core.plugin_system:Skipping extension 'colcon_notification.desktop_notification.win32': Not used on non-Windows systems
[9.198s] INFO:colcon.colcon_notification.desktop_notification:Sending desktop notification using 'notify2'
[9.218s] DEBUG:colcon.colcon_core.event_reactor:joined thread
[9.221s] INFO:colcon.colcon_core.shell:Creating prefix script '/home/ale/Documents/Vanttec/usv/src/vanttec_usv/install/local_setup.ps1'
[9.223s] INFO:colcon.colcon_core.shell:Creating prefix util module '/home/ale/Documents/Vanttec/usv/src/vanttec_usv/install/_local_setup_util_ps1.py'
[9.226s] INFO:colcon.colcon_core.shell:Creating prefix chain script '/home/ale/Documents/Vanttec/usv/src/vanttec_usv/install/setup.ps1'
[9.228s] INFO:colcon.colcon_core.shell:Creating prefix script '/home/ale/Documents/Vanttec/usv/src/vanttec_usv/install/local_setup.sh'
[9.229s] INFO:colcon.colcon_core.shell:Creating prefix util module '/home/ale/Documents/Vanttec/usv/src/vanttec_usv/install/_local_setup_util_sh.py'
[9.230s] INFO:colcon.colcon_core.shell:Creating prefix chain script '/home/ale/Documents/Vanttec/usv/src/vanttec_usv/install/setup.sh'
[9.232s] INFO:colcon.colcon_core.shell:Creating prefix script '/home/ale/Documents/Vanttec/usv/src/vanttec_usv/install/local_setup.bash'
[9.233s] INFO:colcon.colcon_core.shell:Creating prefix chain script '/home/ale/Documents/Vanttec/usv/src/vanttec_usv/install/setup.bash'
[9.235s] INFO:colcon.colcon_core.shell:Creating prefix script '/home/ale/Documents/Vanttec/usv/src/vanttec_usv/install/local_setup.zsh'
[9.236s] INFO:colcon.colcon_core.shell:Creating prefix chain script '/home/ale/Documents/Vanttec/usv/src/vanttec_usv/install/setup.zsh'
